<?xml version="1.0" encoding="UTF-8"?>
<!-- Generated by org.testng.reporters.JUnitXMLReporter -->
<testsuite ignored="0" hostname="WKWZTOteBrBRFTO" failures="0" tests="3" name="Default test" time="2.681" errors="0" timestamp="2025-08-10T15:57:06 IST">
  <testcase classname="API_TestScripts.TestGoRest_API" name="test_GET" time="1.253"/>
  <testcase classname="API_TestScripts.TestGoRest_API" name="test_POST" time="0.652"/>
  <testcase classname="API_TestScripts.TestGoRest_API" name="test_DeleteUser" time="0.468"/>
</testsuite> <!-- Default test -->
