<?xml version="1.0" encoding="UTF-8"?>
<!-- Generated by org.testng.reporters.JUnitXMLReporter -->
<testsuite ignored="0" hostname="WKWZTOteBrBRFTO" failures="0" tests="3" name="Default test" time="2.43" errors="0" timestamp="2025-08-09T14:36:34 IST">
  <testcase classname="API_TestScripts.TestGoRest_API" name="test_GET" time="1.113"/>
  <testcase classname="API_TestScripts.TestGoRest_API" name="test_POST" time="0.629"/>
  <testcase classname="API_TestScripts.TestGoRest_API" name="test_DeleteUser" time="0.436"/>
</testsuite> <!-- Default test -->
