<?xml version="1.0" encoding="UTF-8"?>
<testng-results ignored="0" total="3" passed="3" failed="0" skipped="0">
  <reporter-output>
  </reporter-output>
  <suite started-at="2025-08-10T15:57:03 IST" name="Default suite" finished-at="2025-08-10T15:57:06 IST" duration-ms="2681">
    <groups>
    </groups>
    <test started-at="2025-08-10T15:57:03 IST" name="Default test" finished-at="2025-08-10T15:57:06 IST" duration-ms="2681">
      <class name="API_TestScripts.TestGoRest_API">
        <test-method is-config="true" signature="beforeClass()[pri:0, instance:API_TestScripts.TestGoRest_API@33c911a1]" started-at="2025-08-10T15:57:03 IST" name="beforeClass" finished-at="2025-08-10T15:57:03 IST" duration-ms="125" status="PASS">
          <reporter-output>
          </reporter-output>
        </test-method> <!-- beforeClass -->
        <test-method is-config="true" signature="setup()[pri:0, instance:API_TestScripts.TestGoRest_API@33c911a1]" started-at="2025-08-10T15:57:03 IST" name="setup" finished-at="2025-08-10T15:57:03 IST" duration-ms="258" status="PASS">
          <reporter-output>
          </reporter-output>
        </test-method> <!-- setup -->
        <test-method is-config="true" signature="brforeMethod(org.testng.ITestResult)[pri:0, instance:API_TestScripts.TestGoRest_API@33c911a1]" started-at="2025-08-10T15:57:03 IST" name="brforeMethod" finished-at="2025-08-10T15:57:03 IST" duration-ms="7" status="PASS">
          <params>
            <param index="0">
              <value>
                <![CDATA[[TestResult name={null} status=CREATED method=TestGoRest_API.test_GET()[pri:1, instance:API_TestScripts.TestGoRest_API@33c911a1] output={null}]]]>
              </value>
            </param>
          </params>
          <reporter-output>
          </reporter-output>
        </test-method> <!-- brforeMethod -->
        <test-method signature="test_GET()[pri:1, instance:API_TestScripts.TestGoRest_API@33c911a1]" started-at="2025-08-10T15:57:03 IST" name="test_GET" finished-at="2025-08-10T15:57:04 IST" duration-ms="1253" status="PASS">
          <reporter-output>
          </reporter-output>
        </test-method> <!-- test_GET -->
        <test-method is-config="true" signature="afterMethod(org.testng.ITestResult)[pri:0, instance:API_TestScripts.TestGoRest_API@33c911a1]" started-at="2025-08-10T15:57:04 IST" name="afterMethod" finished-at="2025-08-10T15:57:04 IST" duration-ms="1" status="PASS">
          <params>
            <param index="0">
              <value>
                <![CDATA[[TestResult name=test_GET status=SUCCESS method=TestGoRest_API.test_GET()[pri:1, instance:API_TestScripts.TestGoRest_API@33c911a1] output={null}]]]>
              </value>
            </param>
          </params>
          <reporter-output>
          </reporter-output>
        </test-method> <!-- afterMethod -->
        <test-method is-config="true" signature="brforeMethod(org.testng.ITestResult)[pri:0, instance:API_TestScripts.TestGoRest_API@33c911a1]" started-at="2025-08-10T15:57:05 IST" name="brforeMethod" finished-at="2025-08-10T15:57:05 IST" duration-ms="1" status="PASS">
          <params>
            <param index="0">
              <value>
                <![CDATA[[TestResult name={null} status=CREATED method=TestGoRest_API.test_POST()[pri:2, instance:API_TestScripts.TestGoRest_API@33c911a1] output={null}]]]>
              </value>
            </param>
          </params>
          <reporter-output>
          </reporter-output>
        </test-method> <!-- brforeMethod -->
        <test-method signature="test_POST()[pri:2, instance:API_TestScripts.TestGoRest_API@33c911a1]" started-at="2025-08-10T15:57:05 IST" name="test_POST" finished-at="2025-08-10T15:57:05 IST" duration-ms="652" status="PASS">
          <reporter-output>
          </reporter-output>
        </test-method> <!-- test_POST -->
        <test-method is-config="true" signature="afterMethod(org.testng.ITestResult)[pri:0, instance:API_TestScripts.TestGoRest_API@33c911a1]" started-at="2025-08-10T15:57:05 IST" name="afterMethod" finished-at="2025-08-10T15:57:05 IST" duration-ms="0" status="PASS">
          <params>
            <param index="0">
              <value>
                <![CDATA[[TestResult name=test_POST status=SUCCESS method=TestGoRest_API.test_POST()[pri:2, instance:API_TestScripts.TestGoRest_API@33c911a1] output={null}]]]>
              </value>
            </param>
          </params>
          <reporter-output>
          </reporter-output>
        </test-method> <!-- afterMethod -->
        <test-method is-config="true" signature="brforeMethod(org.testng.ITestResult)[pri:0, instance:API_TestScripts.TestGoRest_API@33c911a1]" started-at="2025-08-10T15:57:05 IST" name="brforeMethod" finished-at="2025-08-10T15:57:05 IST" duration-ms="1" status="PASS">
          <params>
            <param index="0">
              <value>
                <![CDATA[[TestResult name={null} status=CREATED method=TestGoRest_API.test_DeleteUser()[pri:3, instance:API_TestScripts.TestGoRest_API@33c911a1] output={null}]]]>
              </value>
            </param>
          </params>
          <reporter-output>
          </reporter-output>
        </test-method> <!-- brforeMethod -->
        <test-method signature="test_DeleteUser()[pri:3, instance:API_TestScripts.TestGoRest_API@33c911a1]" started-at="2025-08-10T15:57:05 IST" name="test_DeleteUser" finished-at="2025-08-10T15:57:06 IST" duration-ms="468" status="PASS">
          <reporter-output>
          </reporter-output>
        </test-method> <!-- test_DeleteUser -->
        <test-method is-config="true" signature="afterMethod(org.testng.ITestResult)[pri:0, instance:API_TestScripts.TestGoRest_API@33c911a1]" started-at="2025-08-10T15:57:06 IST" name="afterMethod" finished-at="2025-08-10T15:57:06 IST" duration-ms="0" status="PASS">
          <params>
            <param index="0">
              <value>
                <![CDATA[[TestResult name=test_DeleteUser status=SUCCESS method=TestGoRest_API.test_DeleteUser()[pri:3, instance:API_TestScripts.TestGoRest_API@33c911a1] output={null}]]]>
              </value>
            </param>
          </params>
          <reporter-output>
          </reporter-output>
        </test-method> <!-- afterMethod -->
        <test-method is-config="true" signature="afterClass()[pri:0, instance:API_TestScripts.TestGoRest_API@33c911a1]" started-at="2025-08-10T15:57:06 IST" name="afterClass" finished-at="2025-08-10T15:57:06 IST" duration-ms="152" status="PASS">
          <reporter-output>
          </reporter-output>
        </test-method> <!-- afterClass -->
      </class> <!-- API_TestScripts.TestGoRest_API -->
    </test> <!-- Default test -->
  </suite> <!-- Default suite -->
</testng-results>
